<?xml version="1.0" encoding="UTF-8"?>
<!-- Generated by org.testng.reporters.JUnitReportReporter -->
<testsuite hostname="DESKTOP-7CBIM10" failures="0" tests="1" name="Zen.Test.TC_1_LoginPageTest" time="12.381" errors="0" timestamp="2021-02-20T10:52:36 IST" skipped="0">
  <testcase classname="Zen.Test.TC_1_LoginPageTest" name="loginTest" time="12.381"/>
  <system-out>
Executing the Test case in-- CHROME --browser<br/> Maximizing the Window<br/> Opening the URL: https://z3nsreenivasasupport.zendesk.com/access/unauthenticated?<br/> Executing : Zen.Test.TC_1_LoginPageTest<br/> Zendesk...<br/>  </system-out>
</testsuite> <!-- Zen.Test.TC_1_LoginPageTest -->
